{"/Users/manojpanta/Turing/4module/projects/edamam_service/app.js": {"path":"/Users/manojpanta/Turing/4module/projects/edamam_service/app.js","statementMap":{"0":{"start":{"line":1,"column":14},"end":{"line":1,"column":32}},"1":{"start":{"line":2,"column":11},"end":{"line":2,"column":26}},"2":{"start":{"line":3,"column":19},"end":{"line":3,"column":43}},"3":{"start":{"line":4,"column":13},"end":{"line":4,"column":30}},"4":{"start":{"line":6,"column":18},"end":{"line":6,"column":43}},"5":{"start":{"line":7,"column":20},"end":{"line":7,"column":54}},"6":{"start":{"line":9,"column":10},"end":{"line":9,"column":19}},"7":{"start":{"line":11,"column":0},"end":{"line":11,"column":23}},"8":{"start":{"line":12,"column":0},"end":{"line":12,"column":24}},"9":{"start":{"line":13,"column":0},"end":{"line":13,"column":49}},"10":{"start":{"line":14,"column":0},"end":{"line":14,"column":24}},"11":{"start":{"line":15,"column":0},"end":{"line":15,"column":56}},"12":{"start":{"line":17,"column":0},"end":{"line":17,"column":26}},"13":{"start":{"line":18,"column":0},"end":{"line":18,"column":42}},"14":{"start":{"line":20,"column":0},"end":{"line":20,"column":21}}},"fnMap":{},"branchMap":{},"s":{"0":1,"1":1,"2":1,"3":1,"4":1,"5":1,"6":1,"7":1,"8":1,"9":1,"10":1,"11":1,"12":1,"13":1,"14":1},"f":{},"b":{},"_coverageSchema":"43e27e138ebf9cfc5966b082cf9a028302ed4184","hash":"65b4aec5ca83a1f28683c63b9e6fd34ee4b6052b"}
,"/Users/manojpanta/Turing/4module/projects/edamam_service/fixtures/calories.js": {"path":"/Users/manojpanta/Turing/4module/projects/edamam_service/fixtures/calories.js","statementMap":{"0":{"start":{"line":1,"column":13},"end":{"line":1,"column":28}},"1":{"start":{"line":3,"column":16},"end":{"line":29,"column":3}},"2":{"start":{"line":31,"column":13},"end":{"line":57,"column":3}},"3":{"start":{"line":59,"column":13},"end":{"line":85,"column":3}},"4":{"start":{"line":87,"column":14},"end":{"line":113,"column":3}},"5":{"start":{"line":115,"column":0},"end":{"line":120,"column":2}}},"fnMap":{},"branchMap":{},"s":{"0":1,"1":1,"2":1,"3":1,"4":1,"5":1},"f":{},"b":{},"_coverageSchema":"43e27e138ebf9cfc5966b082cf9a028302ed4184","hash":"326e95919c98d7b66b6d5e2f528327becebe7e29"}
,"/Users/manojpanta/Turing/4module/projects/edamam_service/fixtures/cookTime.js": {"path":"/Users/manojpanta/Turing/4module/projects/edamam_service/fixtures/cookTime.js","statementMap":{"0":{"start":{"line":1,"column":13},"end":{"line":1,"column":28}},"1":{"start":{"line":3,"column":16},"end":{"line":29,"column":3}},"2":{"start":{"line":31,"column":13},"end":{"line":57,"column":3}},"3":{"start":{"line":59,"column":13},"end":{"line":85,"column":3}},"4":{"start":{"line":87,"column":14},"end":{"line":113,"column":3}},"5":{"start":{"line":115,"column":0},"end":{"line":120,"column":2}}},"fnMap":{},"branchMap":{},"s":{"0":1,"1":1,"2":1,"3":1,"4":1,"5":1},"f":{},"b":{},"_coverageSchema":"43e27e138ebf9cfc5966b082cf9a028302ed4184","hash":"4134ea4c4f3e52cdde070208efde463bc288442f"}
,"/Users/manojpanta/Turing/4module/projects/edamam_service/fixtures/ingredients.js": {"path":"/Users/manojpanta/Turing/4module/projects/edamam_service/fixtures/ingredients.js","statementMap":{"0":{"start":{"line":1,"column":13},"end":{"line":1,"column":28}},"1":{"start":{"line":3,"column":16},"end":{"line":29,"column":3}},"2":{"start":{"line":31,"column":13},"end":{"line":57,"column":3}},"3":{"start":{"line":59,"column":13},"end":{"line":85,"column":3}},"4":{"start":{"line":87,"column":14},"end":{"line":113,"column":3}},"5":{"start":{"line":115,"column":0},"end":{"line":120,"column":2}}},"fnMap":{},"branchMap":{},"s":{"0":1,"1":1,"2":1,"3":1,"4":1,"5":1},"f":{},"b":{},"_coverageSchema":"43e27e138ebf9cfc5966b082cf9a028302ed4184","hash":"0b1de770847826b4fc17f44e2206e02ff57f8c5e"}
,"/Users/manojpanta/Turing/4module/projects/edamam_service/fixtures/recipes.js": {"path":"/Users/manojpanta/Turing/4module/projects/edamam_service/fixtures/recipes.js","statementMap":{"0":{"start":{"line":1,"column":13},"end":{"line":1,"column":28}},"1":{"start":{"line":3,"column":23},"end":{"line":29,"column":3}},"2":{"start":{"line":31,"column":0},"end":{"line":31,"column":31}}},"fnMap":{},"branchMap":{},"s":{"0":1,"1":1,"2":1},"f":{},"b":{},"_coverageSchema":"43e27e138ebf9cfc5966b082cf9a028302ed4184","hash":"6f8ff71cd4e14ec11ff1fec9485f70278cecde1a"}
,"/Users/manojpanta/Turing/4module/projects/edamam_service/models/index.js": {"path":"/Users/manojpanta/Turing/4module/projects/edamam_service/models/index.js","statementMap":{"0":{"start":{"line":3,"column":11},"end":{"line":3,"column":24}},"1":{"start":{"line":4,"column":13},"end":{"line":4,"column":28}},"2":{"start":{"line":5,"column":18},"end":{"line":5,"column":38}},"3":{"start":{"line":6,"column":17},"end":{"line":6,"column":42}},"4":{"start":{"line":7,"column":12},"end":{"line":7,"column":49}},"5":{"start":{"line":8,"column":15},"end":{"line":8,"column":65}},"6":{"start":{"line":9,"column":11},"end":{"line":9,"column":13}},"7":{"start":{"line":12,"column":0},"end":{"line":16,"column":1}},"8":{"start":{"line":13,"column":2},"end":{"line":13,"column":74}},"9":{"start":{"line":15,"column":2},"end":{"line":15,"column":87}},"10":{"start":{"line":18,"column":0},"end":{"line":26,"column":5}},"11":{"start":{"line":21,"column":4},"end":{"line":21,"column":90}},"12":{"start":{"line":24,"column":18},"end":{"line":24,"column":65}},"13":{"start":{"line":25,"column":4},"end":{"line":25,"column":27}},"14":{"start":{"line":28,"column":0},"end":{"line":32,"column":3}},"15":{"start":{"line":29,"column":2},"end":{"line":31,"column":3}},"16":{"start":{"line":30,"column":4},"end":{"line":30,"column":32}},"17":{"start":{"line":34,"column":0},"end":{"line":34,"column":25}},"18":{"start":{"line":35,"column":0},"end":{"line":35,"column":25}},"19":{"start":{"line":37,"column":0},"end":{"line":37,"column":20}}},"fnMap":{"0":{"name":"(anonymous_0)","decl":{"start":{"line":20,"column":10},"end":{"line":20,"column":11}},"loc":{"start":{"line":20,"column":18},"end":{"line":22,"column":3}},"line":20},"1":{"name":"(anonymous_1)","decl":{"start":{"line":23,"column":11},"end":{"line":23,"column":12}},"loc":{"start":{"line":23,"column":19},"end":{"line":26,"column":3}},"line":23},"2":{"name":"(anonymous_2)","decl":{"start":{"line":28,"column":24},"end":{"line":28,"column":25}},"loc":{"start":{"line":28,"column":37},"end":{"line":32,"column":1}},"line":28}},"branchMap":{"0":{"loc":{"start":{"line":7,"column":12},"end":{"line":7,"column":49}},"type":"binary-expr","locations":[{"start":{"line":7,"column":12},"end":{"line":7,"column":32}},{"start":{"line":7,"column":36},"end":{"line":7,"column":49}}],"line":7},"1":{"loc":{"start":{"line":12,"column":0},"end":{"line":16,"column":1}},"type":"if","locations":[{"start":{"line":12,"column":0},"end":{"line":16,"column":1}},{"start":{"line":12,"column":0},"end":{"line":16,"column":1}}],"line":12},"2":{"loc":{"start":{"line":21,"column":11},"end":{"line":21,"column":89}},"type":"binary-expr","locations":[{"start":{"line":21,"column":12},"end":{"line":21,"column":35}},{"start":{"line":21,"column":41},"end":{"line":21,"column":58}},{"start":{"line":21,"column":64},"end":{"line":21,"column":88}}],"line":21},"3":{"loc":{"start":{"line":29,"column":2},"end":{"line":31,"column":3}},"type":"if","locations":[{"start":{"line":29,"column":2},"end":{"line":31,"column":3}},{"start":{"line":29,"column":2},"end":{"line":31,"column":3}}],"line":29}},"s":{"0":1,"1":1,"2":1,"3":1,"4":1,"5":1,"6":1,"7":1,"8":0,"9":1,"10":1,"11":2,"12":1,"13":1,"14":1,"15":1,"16":1,"17":1,"18":1,"19":1},"f":{"0":2,"1":1,"2":1},"b":{"0":[1,0],"1":[0,1],"2":[2,2,1],"3":[1,0]},"_coverageSchema":"43e27e138ebf9cfc5966b082cf9a028302ed4184","hash":"ef1cab15435f4b6186c51641e44c3adc1d8da09a"}
,"/Users/manojpanta/Turing/4module/projects/edamam_service/models/recipe.js": {"path":"/Users/manojpanta/Turing/4module/projects/edamam_service/models/recipe.js","statementMap":{"0":{"start":{"line":2,"column":0},"end":{"line":14,"column":2}},"1":{"start":{"line":3,"column":17},"end":{"line":9,"column":8}},"2":{"start":{"line":10,"column":2},"end":{"line":12,"column":4}},"3":{"start":{"line":13,"column":2},"end":{"line":13,"column":16}}},"fnMap":{"0":{"name":"(anonymous_0)","decl":{"start":{"line":2,"column":17},"end":{"line":2,"column":18}},"loc":{"start":{"line":2,"column":43},"end":{"line":14,"column":1}},"line":2},"1":{"name":"(anonymous_1)","decl":{"start":{"line":10,"column":21},"end":{"line":10,"column":22}},"loc":{"start":{"line":10,"column":38},"end":{"line":12,"column":3}},"line":10}},"branchMap":{},"s":{"0":1,"1":1,"2":1,"3":1},"f":{"0":1,"1":1},"b":{},"_coverageSchema":"43e27e138ebf9cfc5966b082cf9a028302ed4184","hash":"b6ba68b16997fc2560c5d825c8d2d222535ff0de"}
,"/Users/manojpanta/Turing/4module/projects/edamam_service/routes/index.js": {"path":"/Users/manojpanta/Turing/4module/projects/edamam_service/routes/index.js","statementMap":{"0":{"start":{"line":1,"column":14},"end":{"line":1,"column":32}},"1":{"start":{"line":2,"column":13},"end":{"line":2,"column":29}},"2":{"start":{"line":5,"column":0},"end":{"line":7,"column":3}},"3":{"start":{"line":6,"column":2},"end":{"line":6,"column":44}},"4":{"start":{"line":9,"column":0},"end":{"line":9,"column":24}}},"fnMap":{"0":{"name":"(anonymous_0)","decl":{"start":{"line":5,"column":16},"end":{"line":5,"column":17}},"loc":{"start":{"line":5,"column":41},"end":{"line":7,"column":1}},"line":5}},"branchMap":{},"s":{"0":1,"1":1,"2":1,"3":0,"4":1},"f":{"0":0},"b":{},"_coverageSchema":"43e27e138ebf9cfc5966b082cf9a028302ed4184","hash":"5ec76fdf73920553c77cda0ffdd163f8dbda54da"}
,"/Users/manojpanta/Turing/4module/projects/edamam_service/routes/api/v1/recipes.js": {"path":"/Users/manojpanta/Turing/4module/projects/edamam_service/routes/api/v1/recipes.js","statementMap":{"0":{"start":{"line":1,"column":14},"end":{"line":1,"column":32}},"1":{"start":{"line":2,"column":13},"end":{"line":2,"column":29}},"2":{"start":{"line":3,"column":13},"end":{"line":3,"column":46}},"3":{"start":{"line":4,"column":10},"end":{"line":4,"column":26}},"4":{"start":{"line":5,"column":14},"end":{"line":5,"column":35}},"5":{"start":{"line":6,"column":0},"end":{"line":6,"column":27}},"6":{"start":{"line":7,"column":16},"end":{"line":7,"column":52}},"7":{"start":{"line":9,"column":0},"end":{"line":20,"column":3}},"8":{"start":{"line":10,"column":21},"end":{"line":16,"column":3}},"9":{"start":{"line":12,"column":22},"end":{"line":12,"column":139}},"10":{"start":{"line":13,"column":24},"end":{"line":13,"column":50}},"11":{"start":{"line":15,"column":4},"end":{"line":15,"column":47}},"12":{"start":{"line":17,"column":14},"end":{"line":17,"column":32}},"13":{"start":{"line":18,"column":2},"end":{"line":18,"column":52}},"14":{"start":{"line":19,"column":2},"end":{"line":19,"column":45}},"15":{"start":{"line":22,"column":0},"end":{"line":37,"column":2}},"16":{"start":{"line":23,"column":13},"end":{"line":23,"column":66}},"17":{"start":{"line":25,"column":21},"end":{"line":32,"column":3}},"18":{"start":{"line":27,"column":22},"end":{"line":27,"column":155}},"19":{"start":{"line":28,"column":24},"end":{"line":28,"column":50}},"20":{"start":{"line":31,"column":4},"end":{"line":31,"column":47}},"21":{"start":{"line":33,"column":14},"end":{"line":33,"column":32}},"22":{"start":{"line":34,"column":2},"end":{"line":34,"column":52}},"23":{"start":{"line":35,"column":2},"end":{"line":35,"column":45}},"24":{"start":{"line":43,"column":0},"end":{"line":56,"column":3}},"25":{"start":{"line":44,"column":13},"end":{"line":44,"column":66}},"26":{"start":{"line":45,"column":21},"end":{"line":52,"column":3}},"27":{"start":{"line":47,"column":22},"end":{"line":47,"column":155}},"28":{"start":{"line":48,"column":24},"end":{"line":48,"column":50}},"29":{"start":{"line":51,"column":4},"end":{"line":51,"column":47}},"30":{"start":{"line":53,"column":14},"end":{"line":53,"column":32}},"31":{"start":{"line":54,"column":2},"end":{"line":54,"column":52}},"32":{"start":{"line":55,"column":2},"end":{"line":55,"column":45}},"33":{"start":{"line":58,"column":0},"end":{"line":71,"column":3}},"34":{"start":{"line":59,"column":13},"end":{"line":59,"column":66}},"35":{"start":{"line":60,"column":21},"end":{"line":67,"column":3}},"36":{"start":{"line":62,"column":22},"end":{"line":62,"column":163}},"37":{"start":{"line":63,"column":24},"end":{"line":63,"column":50}},"38":{"start":{"line":66,"column":4},"end":{"line":66,"column":47}},"39":{"start":{"line":68,"column":14},"end":{"line":68,"column":32}},"40":{"start":{"line":69,"column":2},"end":{"line":69,"column":52}},"41":{"start":{"line":70,"column":2},"end":{"line":70,"column":45}},"42":{"start":{"line":75,"column":19},"end":{"line":75,"column":21}},"43":{"start":{"line":76,"column":2},"end":{"line":84,"column":5}},"44":{"start":{"line":76,"column":15},"end":{"line":76,"column":16}},"45":{"start":{"line":77,"column":4},"end":{"line":83,"column":7}},"46":{"start":{"line":85,"column":2},"end":{"line":85,"column":20}},"47":{"start":{"line":88,"column":18},"end":{"line":95,"column":1}},"48":{"start":{"line":89,"column":2},"end":{"line":94,"column":3}},"49":{"start":{"line":90,"column":21},"end":{"line":90,"column":37}},"50":{"start":{"line":91,"column":4},"end":{"line":91,"column":32}},"51":{"start":{"line":93,"column":4},"end":{"line":93,"column":34}},"52":{"start":{"line":97,"column":0},"end":{"line":97,"column":24}}},"fnMap":{"0":{"name":"(anonymous_0)","decl":{"start":{"line":9,"column":16},"end":{"line":9,"column":17}},"loc":{"start":{"line":9,"column":41},"end":{"line":20,"column":1}},"line":9},"1":{"name":"(anonymous_1)","decl":{"start":{"line":10,"column":21},"end":{"line":10,"column":22}},"loc":{"start":{"line":10,"column":33},"end":{"line":16,"column":3}},"line":10},"2":{"name":"(anonymous_2)","decl":{"start":{"line":22,"column":24},"end":{"line":22,"column":25}},"loc":{"start":{"line":22,"column":49},"end":{"line":37,"column":1}},"line":22},"3":{"name":"(anonymous_3)","decl":{"start":{"line":25,"column":21},"end":{"line":25,"column":22}},"loc":{"start":{"line":25,"column":33},"end":{"line":32,"column":3}},"line":25},"4":{"name":"(anonymous_4)","decl":{"start":{"line":43,"column":27},"end":{"line":43,"column":28}},"loc":{"start":{"line":43,"column":52},"end":{"line":56,"column":1}},"line":43},"5":{"name":"(anonymous_5)","decl":{"start":{"line":45,"column":21},"end":{"line":45,"column":22}},"loc":{"start":{"line":45,"column":33},"end":{"line":52,"column":3}},"line":45},"6":{"name":"(anonymous_6)","decl":{"start":{"line":58,"column":24},"end":{"line":58,"column":25}},"loc":{"start":{"line":58,"column":49},"end":{"line":71,"column":1}},"line":58},"7":{"name":"(anonymous_7)","decl":{"start":{"line":60,"column":21},"end":{"line":60,"column":22}},"loc":{"start":{"line":60,"column":33},"end":{"line":67,"column":3}},"line":60},"8":{"name":"_recipeFormatter","decl":{"start":{"line":74,"column":9},"end":{"line":74,"column":25}},"loc":{"start":{"line":74,"column":34},"end":{"line":86,"column":1}},"line":74},"9":{"name":"(anonymous_9)","decl":{"start":{"line":88,"column":18},"end":{"line":88,"column":19}},"loc":{"start":{"line":88,"column":33},"end":{"line":95,"column":1}},"line":88}},"branchMap":{},"s":{"0":1,"1":1,"2":1,"3":1,"4":1,"5":1,"6":1,"7":1,"8":1,"9":1,"10":1,"11":1,"12":1,"13":1,"14":1,"15":1,"16":1,"17":1,"18":1,"19":1,"20":1,"21":1,"22":1,"23":1,"24":1,"25":1,"26":1,"27":1,"28":1,"29":1,"30":1,"31":1,"32":1,"33":1,"34":1,"35":1,"36":1,"37":1,"38":1,"39":1,"40":1,"41":1,"42":4,"43":4,"44":4,"45":4,"46":4,"47":1,"48":4,"49":4,"50":4,"51":0,"52":1},"f":{"0":1,"1":1,"2":1,"3":1,"4":1,"5":1,"6":1,"7":1,"8":4,"9":4},"b":{},"_coverageSchema":"43e27e138ebf9cfc5966b082cf9a028302ed4184","hash":"fdc7c0bbb02ea427dc10124702c4c111e3740422"}
}
