TN:
SF:/Users/manojpanta/Turing/4module/projects/edamam_service/app.js
FNF:0
FNH:0
DA:1,1
DA:2,1
DA:3,1
DA:4,1
DA:6,1
DA:7,1
DA:9,1
DA:11,1
DA:12,1
DA:13,1
DA:14,1
DA:15,1
DA:17,1
DA:18,1
DA:20,1
LF:15
LH:15
BRF:0
BRH:0
end_of_record
TN:
SF:/Users/manojpanta/Turing/4module/projects/edamam_service/fixtures/calories.js
FNF:0
FNH:0
DA:1,1
DA:3,1
DA:31,1
DA:59,1
DA:87,1
DA:115,1
LF:6
LH:6
BRF:0
BRH:0
end_of_record
TN:
SF:/Users/manojpanta/Turing/4module/projects/edamam_service/fixtures/cookTime.js
FNF:0
FNH:0
DA:1,1
DA:3,1
DA:31,1
DA:59,1
DA:87,1
DA:115,1
LF:6
LH:6
BRF:0
BRH:0
end_of_record
TN:
SF:/Users/manojpanta/Turing/4module/projects/edamam_service/fixtures/ingredients.js
FNF:0
FNH:0
DA:1,1
DA:3,1
DA:31,1
DA:59,1
DA:87,1
DA:115,1
LF:6
LH:6
BRF:0
BRH:0
end_of_record
TN:
SF:/Users/manojpanta/Turing/4module/projects/edamam_service/fixtures/recipes.js
FNF:0
FNH:0
DA:1,1
DA:3,1
DA:31,1
LF:3
LH:3
BRF:0
BRH:0
end_of_record
TN:
SF:/Users/manojpanta/Turing/4module/projects/edamam_service/models/index.js
FN:20,(anonymous_0)
FN:23,(anonymous_1)
FN:28,(anonymous_2)
FNF:3
FNH:3
FNDA:2,(anonymous_0)
FNDA:1,(anonymous_1)
FNDA:1,(anonymous_2)
DA:3,1
DA:4,1
DA:5,1
DA:6,1
DA:7,1
DA:8,1
DA:9,1
DA:12,1
DA:13,0
DA:15,1
DA:18,1
DA:21,2
DA:24,1
DA:25,1
DA:28,1
DA:29,1
DA:30,1
DA:34,1
DA:35,1
DA:37,1
LF:20
LH:19
BRDA:7,0,0,1
BRDA:7,0,1,0
BRDA:12,1,0,0
BRDA:12,1,1,1
BRDA:21,2,0,2
BRDA:21,2,1,2
BRDA:21,2,2,1
BRDA:29,3,0,1
BRDA:29,3,1,0
BRF:9
BRH:6
end_of_record
TN:
SF:/Users/manojpanta/Turing/4module/projects/edamam_service/models/recipe.js
FN:2,(anonymous_0)
FN:10,(anonymous_1)
FNF:2
FNH:2
FNDA:1,(anonymous_0)
FNDA:1,(anonymous_1)
DA:2,1
DA:3,1
DA:10,1
DA:13,1
LF:4
LH:4
BRF:0
BRH:0
end_of_record
TN:
SF:/Users/manojpanta/Turing/4module/projects/edamam_service/routes/index.js
FN:5,(anonymous_0)
FNF:1
FNH:0
FNDA:0,(anonymous_0)
DA:1,1
DA:2,1
DA:5,1
DA:6,0
DA:9,1
LF:5
LH:4
BRF:0
BRH:0
end_of_record
TN:
SF:/Users/manojpanta/Turing/4module/projects/edamam_service/routes/api/v1/recipes.js
FN:9,(anonymous_0)
FN:10,(anonymous_1)
FN:22,(anonymous_2)
FN:25,(anonymous_3)
FN:43,(anonymous_4)
FN:45,(anonymous_5)
FN:58,(anonymous_6)
FN:60,(anonymous_7)
FN:74,_recipeFormatter
FN:88,(anonymous_9)
FNF:10
FNH:10
FNDA:1,(anonymous_0)
FNDA:1,(anonymous_1)
FNDA:1,(anonymous_2)
FNDA:1,(anonymous_3)
FNDA:1,(anonymous_4)
FNDA:1,(anonymous_5)
FNDA:1,(anonymous_6)
FNDA:1,(anonymous_7)
FNDA:4,_recipeFormatter
FNDA:4,(anonymous_9)
DA:1,1
DA:2,1
DA:3,1
DA:4,1
DA:5,1
DA:6,1
DA:7,1
DA:9,1
DA:10,1
DA:12,1
DA:13,1
DA:15,1
DA:17,1
DA:18,1
DA:19,1
DA:22,1
DA:23,1
DA:25,1
DA:27,1
DA:28,1
DA:31,1
DA:33,1
DA:34,1
DA:35,1
DA:43,1
DA:44,1
DA:45,1
DA:47,1
DA:48,1
DA:51,1
DA:53,1
DA:54,1
DA:55,1
DA:58,1
DA:59,1
DA:60,1
DA:62,1
DA:63,1
DA:66,1
DA:68,1
DA:69,1
DA:70,1
DA:75,4
DA:76,4
DA:77,4
DA:85,4
DA:88,1
DA:89,4
DA:90,4
DA:91,4
DA:93,0
DA:97,1
LF:52
LH:51
BRF:0
BRH:0
end_of_record
